{
  "RSpec": {
    "coverage": {
      "/Users/apprentice/Desktop/thetweetbox/app/controllers/application_controller.rb": [
        1,
        1,
        null,
        1,
        null,
        1,
        null,
        1,
        1,
        null,
        null
      ],
      "/Users/apprentice/Desktop/thetweetbox/app/helpers/application_helper.rb": [
        1,
        null
      ],
      "/Users/apprentice/Desktop/thetweetbox/app/helpers/sessions_helper.rb": [
        1,
        null
      ],
      "/Users/apprentice/Desktop/thetweetbox/app/helpers/users_helper.rb": [
        1,
        null
      ],
      "/Users/apprentice/Desktop/thetweetbox/app/controllers/sessions_controller.rb": [
        1,
        1,
        0,
        0,
        0,
        0,
        0,
        null,
        null,
        1,
        0,
        0,
        null,
        null
      ],
      "/Users/apprentice/Desktop/thetweetbox/app/controllers/users_controller.rb": [
        1,
        1,
        null,
        null,
        1,
        null,
        null,
        null
      ],
      "/Users/apprentice/Desktop/thetweetbox/app/models/user.rb": [
        null,
        null,
        null,
        null,
        null,
        null,
        null,
        null,
        null,
        null,
        null,
        null,
        null,
        null,
        null,
        1,
        1,
        null,
        1,
        1,
        1,
        1,
        1,
        1,
        1,
        1,
        null,
        null,
        null,
        null
      ],
      "/Users/apprentice/Desktop/thetweetbox/app/models/hashtag.rb": [
        1,
        1,
        1,
        null
      ],
      "/Users/apprentice/Desktop/thetweetbox/app/models/link.rb": [
        1,
        1,
        1,
        null
      ],
      "/Users/apprentice/Desktop/thetweetbox/app/models/tweet.rb": [
        1,
        1,
        1,
        null
      ]
    },
    "timestamp": 1344703473
  }
}
